platform: M2C8001, mode:XIP, EX9:NO
nds32le-elf-gcc  -c -g3 -Os -c -Wall -I./cores/arduino/sys/inc -I./cores/arduino -I./cores/arduino/sys/m2c-arch -I./libraries/Wire -I./libraries/SPI -mcmodel=large -D__Andino_M1__ -DCONFIG_NO_NDS32_EXT_EX9 cores/arduino/sys/m2c-arch/crtbegin.c -o cores/arduino/sys/m2c-arch/crtbegin.o
nds32le-elf-gcc  -c -g3 -Os -c -Wall -I./cores/arduino/sys/inc -I./cores/arduino -I./cores/arduino/sys/m2c-arch -I./libraries/Wire -I./libraries/SPI -mcmodel=large -D__Andino_M1__ -DCONFIG_NO_NDS32_EXT_EX9 cores/arduino/sys/m2c-arch/init-default.c -o cores/arduino/sys/m2c-arch/init-default.o
nds32le-elf-gcc  -c -g3 -Os -c -Wall -I./cores/arduino/sys/inc -I./cores/arduino -I./cores/arduino/sys/m2c-arch -I./libraries/Wire -I./libraries/SPI -mcmodel=large -D__Andino_M1__ -DCONFIG_NO_NDS32_EXT_EX9 cores/arduino/sys/m2c-arch/init-soc.c -o cores/arduino/sys/m2c-arch/init-soc.o
nds32le-elf-gcc  -c -g3 -Os -c -Wall -I./cores/arduino/sys/inc -I./cores/arduino -I./cores/arduino/sys/m2c-arch -I./libraries/Wire -I./libraries/SPI -mcmodel=large -D__Andino_M1__ -DCONFIG_NO_NDS32_EXT_EX9 cores/arduino/sys/board/m2c8001_board.c -o cores/arduino/sys/board/m2c8001_board.o
nds32le-elf-gcc  -c -g3 -Os -c -Wall -I./cores/arduino/sys/inc -I./cores/arduino -I./cores/arduino/sys/m2c-arch -I./libraries/Wire -I./libraries/SPI -mcmodel=large -D__Andino_M1__ -DCONFIG_NO_NDS32_EXT_EX9 cores/arduino/sys/driver/m2c8001_sys.c -o cores/arduino/sys/driver/m2c8001_sys.o
nds32le-elf-gcc  -c -g3 -Os -c -Wall -I./cores/arduino/sys/inc -I./cores/arduino -I./cores/arduino/sys/m2c-arch -I./libraries/Wire -I./libraries/SPI -mcmodel=large -D__Andino_M1__ -DCONFIG_NO_NDS32_EXT_EX9 cores/arduino/sys/driver/m2c8001_gpio.c -o cores/arduino/sys/driver/m2c8001_gpio.o
nds32le-elf-gcc  -c -g3 -Os -c -Wall -I./cores/arduino/sys/inc -I./cores/arduino -I./cores/arduino/sys/m2c-arch -I./libraries/Wire -I./libraries/SPI -mcmodel=large -D__Andino_M1__ -DCONFIG_NO_NDS32_EXT_EX9 cores/arduino/sys/driver/m2c8001_int.c -o cores/arduino/sys/driver/m2c8001_int.o
nds32le-elf-gcc  -c -g3 -Os -c -Wall -I./cores/arduino/sys/inc -I./cores/arduino -I./cores/arduino/sys/m2c-arch -I./libraries/Wire -I./libraries/SPI -mcmodel=large -D__Andino_M1__ -DCONFIG_NO_NDS32_EXT_EX9 cores/arduino/sys/driver/m2c8001_timer.c -o cores/arduino/sys/driver/m2c8001_timer.o
nds32le-elf-gcc  -c -g3 -Os -c -Wall -I./cores/arduino/sys/inc -I./cores/arduino -I./cores/arduino/sys/m2c-arch -I./libraries/Wire -I./libraries/SPI -mcmodel=large -D__Andino_M1__ -DCONFIG_NO_NDS32_EXT_EX9 cores/arduino/sys/driver/m2c8001_uart.c -o cores/arduino/sys/driver/m2c8001_uart.o
nds32le-elf-gcc  -c -g3 -Os -c -Wall -I./cores/arduino/sys/inc -I./cores/arduino -I./cores/arduino/sys/m2c-arch -I./libraries/Wire -I./libraries/SPI -mcmodel=large -D__Andino_M1__ -DCONFIG_NO_NDS32_EXT_EX9 cores/arduino/sys/driver/m2c8001_pwm.c -o cores/arduino/sys/driver/m2c8001_pwm.o
nds32le-elf-gcc  -c -g3 -Os -c -Wall -I./cores/arduino/sys/inc -I./cores/arduino -I./cores/arduino/sys/m2c-arch -I./libraries/Wire -I./libraries/SPI -mcmodel=large -D__Andino_M1__ -DCONFIG_NO_NDS32_EXT_EX9 cores/arduino/sys/driver/m2c8001_spi.c -o cores/arduino/sys/driver/m2c8001_spi.o
nds32le-elf-gcc  -c -g3 -Os -c -Wall -I./cores/arduino/sys/inc -I./cores/arduino -I./cores/arduino/sys/m2c-arch -I./libraries/Wire -I./libraries/SPI -mcmodel=large -D__Andino_M1__ -DCONFIG_NO_NDS32_EXT_EX9 cores/arduino/sys/driver/m2c8001_i2c.c -o cores/arduino/sys/driver/m2c8001_i2c.o
nds32le-elf-gcc  -c -g3 -Os -c -Wall -I./cores/arduino/sys/inc -I./cores/arduino -I./cores/arduino/sys/m2c-arch -I./libraries/Wire -I./libraries/SPI -mcmodel=large -D__Andino_M1__ -DCONFIG_NO_NDS32_EXT_EX9 cores/arduino/sys/driver/m2c8001_adc.c -o cores/arduino/sys/driver/m2c8001_adc.o
nds32le-elf-gcc  -c -g3 -Os -c -Wall -I./cores/arduino/sys/inc -I./cores/arduino -I./cores/arduino/sys/m2c-arch -I./libraries/Wire -I./libraries/SPI -mcmodel=large -D__Andino_M1__ -DCONFIG_NO_NDS32_EXT_EX9 cores/arduino/sys/m2c-arch/interrupt.c -o cores/arduino/sys/m2c-arch/interrupt.o
nds32le-elf-gcc  -c -g3 -Os -c -Wall -I./cores/arduino/sys/inc -I./cores/arduino -I./cores/arduino/sys/m2c-arch -I./libraries/Wire -I./libraries/SPI -mcmodel=large -D__Andino_M1__ -DCONFIG_NO_NDS32_EXT_EX9 cores/arduino/avr/dtostrf.c -o cores/arduino/avr/dtostrf.o
nds32le-elf-gcc  -c -g3 -Os -c -Wall -I./cores/arduino/sys/inc -I./cores/arduino -I./cores/arduino/sys/m2c-arch -I./libraries/Wire -I./libraries/SPI -mcmodel=large -D__Andino_M1__ -DCONFIG_NO_NDS32_EXT_EX9 cores/arduino/wiring_digital.c -o cores/arduino/wiring_digital.o
nds32le-elf-gcc  -c -g3 -Os -c -Wall -I./cores/arduino/sys/inc -I./cores/arduino -I./cores/arduino/sys/m2c-arch -I./libraries/Wire -I./libraries/SPI -mcmodel=large -D__Andino_M1__ -DCONFIG_NO_NDS32_EXT_EX9 cores/arduino/wiring.c -o cores/arduino/wiring.o
nds32le-elf-gcc  -c -g3 -Os -c -Wall -I./cores/arduino/sys/inc -I./cores/arduino -I./cores/arduino/sys/m2c-arch -I./libraries/Wire -I./libraries/SPI -mcmodel=large -D__Andino_M1__ -DCONFIG_NO_NDS32_EXT_EX9 cores/arduino/wiring_analog.c -o cores/arduino/wiring_analog.o
nds32le-elf-gcc  -c -g3 -Os -c -Wall -I./cores/arduino/sys/inc -I./cores/arduino -I./cores/arduino/sys/m2c-arch -I./libraries/Wire -I./libraries/SPI -mcmodel=large -D__Andino_M1__ -DCONFIG_NO_NDS32_EXT_EX9 cores/arduino/wiring_pulse.c -o cores/arduino/wiring_pulse.o
nds32le-elf-gcc  -c -g3 -Os -c -Wall -I./cores/arduino/sys/inc -I./cores/arduino -I./cores/arduino/sys/m2c-arch -I./libraries/Wire -I./libraries/SPI -mcmodel=large -D__Andino_M1__ -DCONFIG_NO_NDS32_EXT_EX9 cores/arduino/wiring_shift.c -o cores/arduino/wiring_shift.o
nds32le-elf-gcc  -c -g3 -Os -c -Wall -I./cores/arduino/sys/inc -I./cores/arduino -I./cores/arduino/sys/m2c-arch -I./libraries/Wire -I./libraries/SPI -mcmodel=large -D__Andino_M1__ -DCONFIG_NO_NDS32_EXT_EX9 cores/arduino/itoa.c -o cores/arduino/itoa.o
nds32le-elf-gcc  -c -g3 -Os -c -Wall -I./cores/arduino/sys/inc -I./cores/arduino -I./cores/arduino/sys/m2c-arch -I./libraries/Wire -I./libraries/SPI -mcmodel=large -D__Andino_M1__ -DCONFIG_NO_NDS32_EXT_EX9 cores/arduino/WInterrupts.c -o cores/arduino/WInterrupts.o
nds32le-elf-gcc  -c -g3 -Os -c -Wall -I./cores/arduino/sys/inc -I./cores/arduino -I./cores/arduino/sys/m2c-arch -I./libraries/Wire -I./libraries/SPI -mcmodel=large -D__Andino_M1__ -DCONFIG_NO_NDS32_EXT_EX9  cores/arduino/sys/m2c-arch/crt0.S -o cores/arduino/sys/m2c-arch/crt0.o
nds32le-elf-g++ -c -g3 -Os -c -Wall -I./cores/arduino/sys/inc -I./cores/arduino -I./cores/arduino/sys/m2c-arch -I./libraries/Wire -I./libraries/SPI -mcmodel=large -D__Andino_M1__ -DCONFIG_NO_NDS32_EXT_EX9 cores/arduino/main.cpp -o cores/arduino/main.o
nds32le-elf-g++ -c -g3 -Os -c -Wall -I./cores/arduino/sys/inc -I./cores/arduino -I./cores/arduino/sys/m2c-arch -I./libraries/Wire -I./libraries/SPI -mcmodel=large -D__Andino_M1__ -DCONFIG_NO_NDS32_EXT_EX9 cores/arduino/WMath.cpp -o cores/arduino/WMath.o
nds32le-elf-g++ -c -g3 -Os -c -Wall -I./cores/arduino/sys/inc -I./cores/arduino -I./cores/arduino/sys/m2c-arch -I./libraries/Wire -I./libraries/SPI -mcmodel=large -D__Andino_M1__ -DCONFIG_NO_NDS32_EXT_EX9 cores/arduino/Tone.cpp -o cores/arduino/Tone.o
nds32le-elf-g++ -c -g3 -Os -c -Wall -I./cores/arduino/sys/inc -I./cores/arduino -I./cores/arduino/sys/m2c-arch -I./libraries/Wire -I./libraries/SPI -mcmodel=large -D__Andino_M1__ -DCONFIG_NO_NDS32_EXT_EX9 cores/arduino/Print.cpp -o cores/arduino/Print.o
nds32le-elf-g++ -c -g3 -Os -c -Wall -I./cores/arduino/sys/inc -I./cores/arduino -I./cores/arduino/sys/m2c-arch -I./libraries/Wire -I./libraries/SPI -mcmodel=large -D__Andino_M1__ -DCONFIG_NO_NDS32_EXT_EX9 cores/arduino/Stream.cpp -o cores/arduino/Stream.o
nds32le-elf-g++ -c -g3 -Os -c -Wall -I./cores/arduino/sys/inc -I./cores/arduino -I./cores/arduino/sys/m2c-arch -I./libraries/Wire -I./libraries/SPI -mcmodel=large -D__Andino_M1__ -DCONFIG_NO_NDS32_EXT_EX9 cores/arduino/WString.cpp -o cores/arduino/WString.o
nds32le-elf-g++ -c -g3 -Os -c -Wall -I./cores/arduino/sys/inc -I./cores/arduino -I./cores/arduino/sys/m2c-arch -I./libraries/Wire -I./libraries/SPI -mcmodel=large -D__Andino_M1__ -DCONFIG_NO_NDS32_EXT_EX9 cores/arduino/HardwareSerial.cpp -o cores/arduino/HardwareSerial.o
nds32le-elf-g++ -c -g3 -Os -c -Wall -I./cores/arduino/sys/inc -I./cores/arduino -I./cores/arduino/sys/m2c-arch -I./libraries/Wire -I./libraries/SPI -mcmodel=large -D__Andino_M1__ -DCONFIG_NO_NDS32_EXT_EX9 libraries/SPI/SPI.cpp -o libraries/SPI/SPI.o
nds32le-elf-g++ -c -g3 -Os -c -Wall -I./cores/arduino/sys/inc -I./cores/arduino -I./cores/arduino/sys/m2c-arch -I./libraries/Wire -I./libraries/SPI -mcmodel=large -D__Andino_M1__ -DCONFIG_NO_NDS32_EXT_EX9 libraries/Wire/Wire.cpp -o libraries/Wire/Wire.o
nds32le-elf-g++ -c -g3 -Os -c -Wall -I./cores/arduino/sys/inc -I./cores/arduino -I./cores/arduino/sys/m2c-arch -I./libraries/Wire -I./libraries/SPI -mcmodel=large -D__Andino_M1__ -DCONFIG_NO_NDS32_EXT_EX9 Demo_Blink/Blink.cpp -o Demo_Blink/Blink.o
nds32le-elf-gcc  -c -g3 -Os -c -Wall -I./cores/arduino/sys/inc -I./cores/arduino -I./cores/arduino/sys/m2c-arch -I./libraries/Wire -I./libraries/SPI -mcmodel=large -D__Andino_M1__ -DCONFIG_NO_NDS32_EXT_EX9 cores/arduino/sys/m2c-arch/crtend.c -o cores/arduino/sys/m2c-arch/crtend.o
nds32le-elf-g++ -Os -Wl,--start-group -lgloss -lgcc -lc -lstdc++ -lm -nostdlib -nostartfiles -static -T ./cores/arduino/sys/board/M2C8001.ld ./cores/arduino/sys/m2c-arch/crtbegin.o ./cores/arduino/sys/m2c-arch/init-default.o ./cores/arduino/sys/m2c-arch/init-soc.o ./cores/arduino/sys/board/m2c8001_board.o ./cores/arduino/sys/driver/m2c8001_sys.o ./cores/arduino/sys/driver/m2c8001_gpio.o ./cores/arduino/sys/driver/m2c8001_int.o ./cores/arduino/sys/driver/m2c8001_timer.o ./cores/arduino/sys/driver/m2c8001_uart.o ./cores/arduino/sys/driver/m2c8001_pwm.o ./cores/arduino/sys/driver/m2c8001_spi.o ./cores/arduino/sys/driver/m2c8001_i2c.o ./cores/arduino/sys/driver/m2c8001_adc.o ./cores/arduino/sys/m2c-arch/interrupt.o ./cores/arduino/avr/dtostrf.o ./cores/arduino/wiring_digital.o ./cores/arduino/wiring.o ./cores/arduino/wiring_analog.o ./cores/arduino/wiring_pulse.o ./cores/arduino/wiring_shift.o ./cores/arduino/itoa.o ./cores/arduino/WInterrupts.o ./cores/arduino/sys/m2c-arch/crt0.o ./cores/arduino/main.o ./cores/arduino/WMath.o ./cores/arduino/Tone.o ./cores/arduino/Print.o ./cores/arduino/Stream.o ./cores/arduino/WString.o ./cores/arduino/HardwareSerial.o ./libraries/SPI/SPI.o ./libraries/Wire/Wire.o ./Demo_Blink/Blink.o ./cores/arduino/sys/m2c-arch/crtend.o  -o ./Demo_Blink/arduino-Blink.elf
nds32le-elf-objdump -D ./Demo_Blink/arduino-Blink.elf > ./Demo_Blink/arduino-Blink.s
nds32le-elf-objdump -s ./Demo_Blink/arduino-Blink.elf > ./Demo_Blink/arduino-Blink.dat
nds32le-elf-objcopy -O binary -R .note -R .comment -S ./Demo_Blink/arduino-Blink.elf ./Demo_Blink/arduino-Blink.bin
nds32le-elf-nm -B -n ./Demo_Blink/arduino-Blink.elf > ./Demo_Blink/arduino-Blink.map
nds32le-elf-readelf -a ./Demo_Blink/arduino-Blink.elf > ./Demo_Blink/arduino-Blink.txt
